\BOOKMARK [0][-]{chapter*.1}{\376\377\000P\000r\000e\000f\000a\000c\000e}{}% 1
\BOOKMARK [1][-]{section.0.1}{\376\377\000W\000h\000o\000\040\000i\000s\000\040\000t\000h\000i\000s\000\040\000b\000o\000o\000k\000\040\000f\000o\000r\000?}{chapter*.1}% 2
\BOOKMARK [1][-]{section.0.2}{\376\377\000U\000s\000i\000n\000g\000\040\000t\000h\000e\000\040\000c\000o\000d\000e}{chapter*.1}% 3
\BOOKMARK [0][-]{chapter.1}{\376\377\000S\000o\000u\000n\000d\000s\000\040\000a\000n\000d\000\040\000s\000i\000g\000n\000a\000l\000s}{}% 4
\BOOKMARK [1][-]{section.1.1}{\376\377\000P\000e\000r\000i\000o\000d\000i\000c\000\040\000s\000i\000g\000n\000a\000l\000s}{chapter.1}% 5
\BOOKMARK [1][-]{section.1.2}{\376\377\000S\000p\000e\000c\000t\000r\000a\000l\000\040\000d\000e\000c\000o\000m\000p\000o\000s\000i\000t\000i\000o\000n}{chapter.1}% 6
\BOOKMARK [1][-]{section.1.3}{\376\377\000S\000i\000g\000n\000a\000l\000s}{chapter.1}% 7
\BOOKMARK [1][-]{section.1.4}{\376\377\000R\000e\000a\000d\000i\000n\000g\000\040\000a\000n\000d\000\040\000w\000r\000i\000t\000i\000n\000g\000\040\000W\000a\000v\000e\000s}{chapter.1}% 8
\BOOKMARK [1][-]{section.1.5}{\376\377\000S\000p\000e\000c\000t\000r\000u\000m\000s}{chapter.1}% 9
\BOOKMARK [1][-]{section.1.6}{\376\377\000W\000a\000v\000e\000\040\000o\000b\000j\000e\000c\000t\000s}{chapter.1}% 10
\BOOKMARK [1][-]{section.1.7}{\376\377\000S\000i\000g\000n\000a\000l\000\040\000o\000b\000j\000e\000c\000t\000s}{chapter.1}% 11
\BOOKMARK [1][-]{section.1.8}{\376\377\000E\000x\000e\000r\000c\000i\000s\000e\000s}{chapter.1}% 12
\BOOKMARK [0][-]{chapter.2}{\376\377\000H\000a\000r\000m\000o\000n\000i\000c\000s}{}% 13
\BOOKMARK [1][-]{section.2.1}{\376\377\000T\000r\000i\000a\000n\000g\000l\000e\000\040\000w\000a\000v\000e\000s}{chapter.2}% 14
\BOOKMARK [1][-]{section.2.2}{\376\377\000S\000q\000u\000a\000r\000e\000\040\000w\000a\000v\000e\000s}{chapter.2}% 15
\BOOKMARK [1][-]{section.2.3}{\376\377\000A\000l\000i\000a\000s\000i\000n\000g}{chapter.2}% 16
\BOOKMARK [1][-]{section.2.4}{\376\377\000C\000o\000m\000p\000u\000t\000i\000n\000g\000\040\000t\000h\000e\000\040\000s\000p\000e\000c\000t\000r\000u\000m}{chapter.2}% 17
\BOOKMARK [1][-]{section.2.5}{\376\377\000E\000x\000e\000r\000c\000i\000s\000e\000s}{chapter.2}% 18
\BOOKMARK [0][-]{chapter.3}{\376\377\000N\000o\000n\000-\000p\000e\000r\000i\000o\000d\000i\000c\000\040\000s\000i\000g\000n\000a\000l\000s}{}% 19
\BOOKMARK [1][-]{section.3.1}{\376\377\000L\000i\000n\000e\000a\000r\000\040\000c\000h\000i\000r\000p}{chapter.3}% 20
\BOOKMARK [1][-]{section.3.2}{\376\377\000E\000x\000p\000o\000n\000e\000n\000t\000i\000a\000l\000\040\000c\000h\000i\000r\000p}{chapter.3}% 21
\BOOKMARK [1][-]{section.3.3}{\376\377\000S\000p\000e\000c\000t\000r\000u\000m\000\040\000o\000f\000\040\000a\000\040\000c\000h\000i\000r\000p}{chapter.3}% 22
\BOOKMARK [1][-]{section.3.4}{\376\377\000S\000p\000e\000c\000t\000r\000o\000g\000r\000a\000m}{chapter.3}% 23
\BOOKMARK [1][-]{section.3.5}{\376\377\000T\000h\000e\000\040\000G\000a\000b\000o\000r\000\040\000l\000i\000m\000i\000t}{chapter.3}% 24
\BOOKMARK [1][-]{section.3.6}{\376\377\000L\000e\000a\000k\000a\000g\000e}{chapter.3}% 25
\BOOKMARK [1][-]{section.3.7}{\376\377\000W\000i\000n\000d\000o\000w\000i\000n\000g}{chapter.3}% 26
\BOOKMARK [1][-]{section.3.8}{\376\377\000I\000m\000p\000l\000e\000m\000e\000n\000t\000i\000n\000g\000\040\000s\000p\000e\000c\000t\000r\000o\000g\000r\000a\000m\000s}{chapter.3}% 27
\BOOKMARK [1][-]{section.3.9}{\376\377\000E\000x\000e\000r\000c\000i\000s\000e\000s}{chapter.3}% 28
\BOOKMARK [0][-]{chapter.4}{\376\377\000N\000o\000i\000s\000e}{}% 29
\BOOKMARK [1][-]{section.4.1}{\376\377\000U\000n\000c\000o\000r\000r\000e\000l\000a\000t\000e\000d\000\040\000n\000o\000i\000s\000e}{chapter.4}% 30
\BOOKMARK [1][-]{section.4.2}{\376\377\000I\000n\000t\000e\000g\000r\000a\000t\000e\000d\000\040\000s\000p\000e\000c\000t\000r\000u\000m}{chapter.4}% 31
\BOOKMARK [1][-]{section.4.3}{\376\377\000B\000r\000o\000w\000n\000i\000a\000n\000\040\000n\000o\000i\000s\000e}{chapter.4}% 32
\BOOKMARK [1][-]{section.4.4}{\376\377\000P\000i\000n\000k\000\040\000N\000o\000i\000s\000e}{chapter.4}% 33
\BOOKMARK [1][-]{section.4.5}{\376\377\000G\000a\000u\000s\000s\000i\000a\000n\000\040\000n\000o\000i\000s\000e}{chapter.4}% 34
\BOOKMARK [1][-]{section.4.6}{\376\377\000E\000x\000e\000r\000c\000i\000s\000e\000s}{chapter.4}% 35
\BOOKMARK [0][-]{chapter.5}{\376\377\000A\000u\000t\000o\000c\000o\000r\000r\000e\000l\000a\000t\000i\000o\000n}{}% 36
\BOOKMARK [1][-]{section.5.1}{\376\377\000C\000o\000r\000r\000e\000l\000a\000t\000i\000o\000n}{chapter.5}% 37
\BOOKMARK [1][-]{section.5.2}{\376\377\000S\000e\000r\000i\000a\000l\000\040\000c\000o\000r\000r\000e\000l\000a\000t\000i\000o\000n}{chapter.5}% 38
\BOOKMARK [1][-]{section.5.3}{\376\377\000A\000u\000t\000o\000c\000o\000r\000r\000e\000l\000a\000t\000i\000o\000n}{chapter.5}% 39
\BOOKMARK [1][-]{section.5.4}{\376\377\000A\000u\000t\000o\000c\000o\000r\000r\000e\000l\000a\000t\000i\000o\000n\000\040\000o\000f\000\040\000p\000e\000r\000i\000o\000d\000i\000c\000\040\000s\000i\000g\000n\000a\000l\000s}{chapter.5}% 40
\BOOKMARK [1][-]{section.5.5}{\376\377\000C\000o\000r\000r\000e\000l\000a\000t\000i\000o\000n\000\040\000a\000s\000\040\000d\000o\000t\000\040\000p\000r\000o\000d\000u\000c\000t}{chapter.5}% 41
\BOOKMARK [1][-]{section.5.6}{\376\377\000U\000s\000i\000n\000g\000\040\000N\000u\000m\000P\000y}{chapter.5}% 42
\BOOKMARK [1][-]{section.5.7}{\376\377\000E\000x\000e\000r\000c\000i\000s\000e\000s}{chapter.5}% 43
\BOOKMARK [0][-]{chapter.6}{\376\377\000D\000i\000s\000c\000r\000e\000t\000e\000\040\000c\000o\000s\000i\000n\000e\000\040\000t\000r\000a\000n\000s\000f\000o\000r\000m}{}% 44
\BOOKMARK [1][-]{section.6.1}{\376\377\000S\000y\000n\000t\000h\000e\000s\000i\000s}{chapter.6}% 45
\BOOKMARK [1][-]{section.6.2}{\376\377\000S\000y\000n\000t\000h\000e\000s\000i\000s\000\040\000w\000i\000t\000h\000\040\000a\000r\000r\000a\000y\000s}{chapter.6}% 46
\BOOKMARK [1][-]{section.6.3}{\376\377\000A\000n\000a\000l\000y\000s\000i\000s}{chapter.6}% 47
\BOOKMARK [1][-]{section.6.4}{\376\377\000O\000r\000t\000h\000o\000g\000o\000n\000a\000l\000\040\000m\000a\000t\000r\000i\000c\000e\000s}{chapter.6}% 48
\BOOKMARK [1][-]{section.6.5}{\376\377\000D\000C\000T\000-\000I\000V}{chapter.6}% 49
\BOOKMARK [1][-]{section.6.6}{\376\377\000I\000n\000v\000e\000r\000s\000e\000\040\000D\000C\000T}{chapter.6}% 50
\BOOKMARK [1][-]{section.6.7}{\376\377\000T\000h\000e\000\040\000D\000c\000t\000\040\000c\000l\000a\000s\000s}{chapter.6}% 51
\BOOKMARK [1][-]{section.6.8}{\376\377\000E\000x\000e\000r\000c\000i\000s\000e\000s}{chapter.6}% 52
\BOOKMARK [0][-]{chapter.7}{\376\377\000D\000i\000s\000c\000r\000e\000t\000e\000\040\000F\000o\000u\000r\000i\000e\000r\000\040\000T\000r\000a\000n\000s\000f\000o\000r\000m}{}% 53
\BOOKMARK [1][-]{section.7.1}{\376\377\000C\000o\000m\000p\000l\000e\000x\000\040\000e\000x\000p\000o\000n\000e\000n\000t\000i\000a\000l\000s}{chapter.7}% 54
\BOOKMARK [1][-]{section.7.2}{\376\377\000C\000o\000m\000p\000l\000e\000x\000\040\000s\000i\000g\000n\000a\000l\000s}{chapter.7}% 55
\BOOKMARK [1][-]{section.7.3}{\376\377\000T\000h\000e\000\040\000s\000y\000n\000t\000h\000e\000s\000i\000s\000\040\000p\000r\000o\000b\000l\000e\000m}{chapter.7}% 56
\BOOKMARK [1][-]{section.7.4}{\376\377\000S\000y\000n\000t\000h\000e\000s\000i\000s\000\040\000w\000i\000t\000h\000\040\000m\000a\000t\000r\000i\000c\000e\000s}{chapter.7}% 57
\BOOKMARK [1][-]{section.7.5}{\376\377\000T\000h\000e\000\040\000a\000n\000a\000l\000y\000s\000i\000s\000\040\000p\000r\000o\000b\000l\000e\000m}{chapter.7}% 58
\BOOKMARK [1][-]{section.7.6}{\376\377\000E\000f\000f\000i\000c\000i\000e\000n\000t\000\040\000a\000n\000a\000l\000y\000s\000i\000s}{chapter.7}% 59
\BOOKMARK [1][-]{section.7.7}{\376\377\000D\000F\000T}{chapter.7}% 60
\BOOKMARK [1][-]{section.7.8}{\376\377\000T\000h\000e\000\040\000D\000F\000T\000\040\000i\000s\000\040\000p\000e\000r\000i\000o\000d\000i\000c}{chapter.7}% 61
\BOOKMARK [1][-]{section.7.9}{\376\377\000D\000F\000T\000\040\000o\000f\000\040\000r\000e\000a\000l\000\040\000s\000i\000g\000n\000a\000l\000s}{chapter.7}% 62
\BOOKMARK [1][-]{section.7.10}{\376\377\000E\000x\000e\000r\000c\000i\000s\000e\000s}{chapter.7}% 63
\BOOKMARK [0][-]{chapter.8}{\376\377\000F\000i\000l\000t\000e\000r\000i\000n\000g\000\040\000a\000n\000d\000\040\000C\000o\000n\000v\000o\000l\000u\000t\000i\000o\000n}{}% 64
\BOOKMARK [1][-]{section.8.1}{\376\377\000S\000m\000o\000o\000t\000h\000i\000n\000g}{chapter.8}% 65
\BOOKMARK [1][-]{section.8.2}{\376\377\000C\000o\000n\000v\000o\000l\000u\000t\000i\000o\000n}{chapter.8}% 66
\BOOKMARK [1][-]{section.8.3}{\376\377\000T\000h\000e\000\040\000f\000r\000e\000q\000u\000e\000n\000c\000y\000\040\000d\000o\000m\000a\000i\000n}{chapter.8}% 67
\BOOKMARK [1][-]{section.8.4}{\376\377\000T\000h\000e\000\040\000c\000o\000n\000v\000o\000l\000u\000t\000i\000o\000n\000\040\000t\000h\000e\000o\000r\000e\000m}{chapter.8}% 68
\BOOKMARK [1][-]{section.8.5}{\376\377\000G\000a\000u\000s\000s\000i\000a\000n\000\040\000f\000i\000l\000t\000e\000r}{chapter.8}% 69
\BOOKMARK [1][-]{section.8.6}{\376\377\000E\000f\000f\000i\000c\000i\000e\000n\000t\000\040\000c\000o\000n\000v\000o\000l\000u\000t\000i\000o\000n}{chapter.8}% 70
\BOOKMARK [1][-]{section.8.7}{\376\377\000E\000f\000f\000i\000c\000i\000e\000n\000t\000\040\000a\000u\000t\000o\000c\000o\000r\000r\000e\000l\000a\000t\000i\000o\000n}{chapter.8}% 71
\BOOKMARK [1][-]{section.8.8}{\376\377\000E\000x\000e\000r\000c\000i\000s\000e\000s}{chapter.8}% 72
\BOOKMARK [0][-]{chapter.9}{\376\377\000D\000i\000f\000f\000e\000r\000e\000n\000t\000i\000a\000t\000i\000o\000n\000\040\000a\000n\000d\000\040\000I\000n\000t\000e\000g\000r\000a\000t\000i\000o\000n}{}% 73
\BOOKMARK [1][-]{section.9.1}{\376\377\000F\000i\000n\000i\000t\000e\000\040\000d\000i\000f\000f\000e\000r\000e\000n\000c\000e\000s}{chapter.9}% 74
\BOOKMARK [1][-]{section.9.2}{\376\377\000T\000h\000e\000\040\000f\000r\000e\000q\000u\000e\000n\000c\000y\000\040\000d\000o\000m\000a\000i\000n}{chapter.9}% 75
\BOOKMARK [1][-]{section.9.3}{\376\377\000D\000i\000f\000f\000e\000r\000e\000n\000t\000i\000a\000t\000i\000o\000n}{chapter.9}% 76
\BOOKMARK [1][-]{section.9.4}{\376\377\000I\000n\000t\000e\000g\000r\000a\000t\000i\000o\000n}{chapter.9}% 77
\BOOKMARK [1][-]{section.9.5}{\376\377\000C\000u\000m\000u\000l\000a\000t\000i\000v\000e\000\040\000s\000u\000m}{chapter.9}% 78
\BOOKMARK [1][-]{section.9.6}{\376\377\000I\000n\000t\000e\000g\000r\000a\000t\000i\000n\000g\000\040\000n\000o\000i\000s\000e}{chapter.9}% 79
\BOOKMARK [1][-]{section.9.7}{\376\377\000E\000x\000e\000r\000c\000i\000s\000e\000s}{chapter.9}% 80
\BOOKMARK [0][-]{chapter.10}{\376\377\000L\000T\000I\000\040\000s\000y\000s\000t\000e\000m\000s}{}% 81
\BOOKMARK [1][-]{section.10.1}{\376\377\000S\000i\000g\000n\000a\000l\000s\000\040\000a\000n\000d\000\040\000s\000y\000s\000t\000e\000m\000s}{chapter.10}% 82
\BOOKMARK [1][-]{section.10.2}{\376\377\000W\000i\000n\000d\000o\000w\000s\000\040\000a\000n\000d\000\040\000f\000i\000l\000t\000e\000r\000s}{chapter.10}% 83
\BOOKMARK [1][-]{section.10.3}{\376\377\000A\000c\000o\000u\000s\000t\000i\000c\000\040\000r\000e\000s\000p\000o\000n\000s\000e}{chapter.10}% 84
\BOOKMARK [1][-]{section.10.4}{\376\377\000S\000y\000s\000t\000e\000m\000s\000\040\000a\000n\000d\000\040\000c\000o\000n\000v\000o\000l\000u\000t\000i\000o\000n}{chapter.10}% 85
\BOOKMARK [1][-]{section.10.5}{\376\377\000P\000r\000o\000o\000f\000\040\000o\000f\000\040\000t\000h\000e\000\040\000C\000o\000n\000v\000o\000l\000u\000t\000i\000o\000n\000\040\000T\000h\000e\000o\000r\000e\000m}{chapter.10}% 86
\BOOKMARK [1][-]{section.10.6}{\376\377\000E\000x\000e\000r\000c\000i\000s\000e\000s}{chapter.10}% 87
\BOOKMARK [0][-]{chapter.11}{\376\377\000M\000o\000d\000u\000l\000a\000t\000i\000o\000n\000\040\000a\000n\000d\000\040\000s\000a\000m\000p\000l\000i\000n\000g}{}% 88
\BOOKMARK [1][-]{section.11.1}{\376\377\000C\000o\000n\000v\000o\000l\000u\000t\000i\000o\000n\000\040\000w\000i\000t\000h\000\040\000i\000m\000p\000u\000l\000s\000e\000s}{chapter.11}% 89
\BOOKMARK [1][-]{section.11.2}{\376\377\000A\000m\000p\000l\000i\000t\000u\000d\000e\000\040\000m\000o\000d\000u\000l\000a\000t\000i\000o\000n}{chapter.11}% 90
\BOOKMARK [1][-]{section.11.3}{\376\377\000S\000a\000m\000p\000l\000i\000n\000g}{chapter.11}% 91
\BOOKMARK [1][-]{section.11.4}{\376\377\000A\000l\000i\000a\000s\000i\000n\000g}{chapter.11}% 92
\BOOKMARK [1][-]{section.11.5}{\376\377\000I\000n\000t\000e\000r\000p\000o\000l\000a\000t\000i\000o\000n}{chapter.11}% 93
\BOOKMARK [1][-]{section.11.6}{\376\377\000E\000x\000e\000r\000c\000i\000s\000e\000s}{chapter.11}% 94
